 PATH path3035 FOUND 
 0) 356.25,504.51
    453.16,504.51
    455.27,502.24
    439.56,485.28
    423.77,467.38
    431.51,457.61
    450.11,444.87
    471.91,439.48
    494.26,442.29
    514.11,453.07
    524.03,462.92
    531.14,475.11
    536.77,488.63
    537.94,503.17
    537.71,504.50
    605.31,504.50
    605.39,493.48
    601.80,471.29
    594.22,451.28
    583.90,432.45
    570.77,415.57
    554.67,401.42
    536.23,390.56
    516.07,383.45
    494.89,379.93
    478.17,379.46
    461.37,380.16
    444.80,382.50
    424.09,390.78
    405.49,402.89
    389.23,418.05
    375.55,435.63
    364.92,455.17
    358.04,476.27
    355.93,498.07
    356.24,504.48
 PATH path3073 FOUND 
 1) 356.25,504.51
    356.95,519.98
    361.01,541.47
    368.20,559.29
    378.20,575.86
    390.39,590.71
    404.54,603.84
    424.55,615.64
    445.88,624.55
    458.70,627.68
    478.39,629.48
    498.08,627.68
    517.46,623.46
    535.98,616.58
    553.88,605.64
    569.67,591.81
    583.03,575.71
    593.66,557.66
    601.32,538.12
    605.15,516.00
    605.31,504.51
    537.71,504.51
    533.02,527.33
    520.52,545.54
    503.01,558.90
    490.43,563.35
    477.07,564.44
    456.99,563.03
    444.10,556.62
    432.46,548.10
    427.85,532.08
    440.43,518.09
    453.17,504.49
    356.26,504.49
 PATH path3075 FOUND 
 2) 465.58,504.51
    481.99,504.51
    481.52,496.93
    467.45,499.20
    463.07,502.33
    465.57,504.52
 PATH path3077 FOUND 
 3) 465.58,504.51
    468.00,506.62
    482.22,508.18
    481.99,504.51
    465.58,504.51

Object origin:
124.730000 125.010000

Eagle Command:
set wire_bend 2;
change layer tDocu;
set width 0;
poly (R -124.410000 -0.040000) (R -27.500000 -0.040000) (R -25.390000 2.230000) (R -41.100000 19.190000) (R -56.890000 37.090000) (R -49.150000 46.860000) (R -30.550000 59.600000) (R -8.750000 64.990000) (R 13.600000 62.180000) (R 33.450000 51.400000) (R 43.370000 41.550000) (R 50.480000 29.360000) (R 56.110000 15.840000) (R 57.280000 1.300000) (R 57.050000 -0.030000) (R 124.650000 -0.030000) (R 124.730000 10.990000) (R 121.140000 33.180000) (R 113.560000 53.190000) (R 103.240000 72.020000) (R 90.110000 88.900000) (R 74.010000 103.050000) (R 55.570000 113.910000) (R 35.410000 121.020000) (R 14.230000 124.540000) (R -2.490000 125.010000) (R -19.290000 124.310000) (R -35.860000 121.970000) (R -56.570000 113.690000) (R -75.170000 101.580000) (R -91.430000 86.420000) (R -105.110000 68.840000) (R -115.740000 49.300000) (R -122.620000 28.200000) (R -124.730000 6.400000) (R -124.420000 -0.010000) (R -124.410000 -0.040000);
poly (R -124.410000 -0.040000) (R -123.710000 -15.510000) (R -119.650000 -37.000000) (R -112.460000 -54.820000) (R -102.460000 -71.390000) (R -90.270000 -86.240000) (R -76.120000 -99.370000) (R -56.110000 -111.170000) (R -34.780000 -120.080000) (R -21.960000 -123.210000) (R -2.270000 -125.010000) (R 17.420000 -123.210000) (R 36.800000 -118.990000) (R 55.320000 -112.110000) (R 73.220000 -101.170000) (R 89.010000 -87.340000) (R 102.370000 -71.240000) (R 113.000000 -53.190000) (R 120.660000 -33.650000) (R 124.490000 -11.530000) (R 124.650000 -0.040000) (R 57.050000 -0.040000) (R 52.360000 -22.860000) (R 39.860000 -41.070000) (R 22.350000 -54.430000) (R 9.770000 -58.880000) (R -3.590000 -59.970000) (R -23.670000 -58.560000) (R -36.560000 -52.150000) (R -48.200000 -43.630000) (R -52.810000 -27.610000) (R -40.230000 -13.620000) (R -27.490000 -0.020000) (R -124.400000 -0.020000) (R -124.410000 -0.040000);
poly (R -15.080000 -0.040000) (R 1.330000 -0.040000) (R 0.860000 7.540000) (R -13.210000 5.270000) (R -17.590000 2.140000) (R -15.090000 -0.050000) (R -15.080000 -0.040000);
poly (R -15.080000 -0.040000) (R -12.660000 -2.150000) (R 1.560000 -3.710000) (R 1.330000 -0.040000) (R -15.080000 -0.040000) (R -15.080000 -0.040000);

